Traceback (most recent call last):
  File "/home/pi5/myenv/lib/python3.11/site-packages/requests/models.py", line 974, in json
    return complexjson.loads(self.text, **kwargs)
           ^^^^^^^^^^^^^^^^^^^^^^^^^^^^^^^^^^^^^^
  File "/usr/lib/python3.11/json/__init__.py", line 346, in loads
    return _default_decoder.decode(s)
           ^^^^^^^^^^^^^^^^^^^^^^^^^^
  File "/usr/lib/python3.11/json/decoder.py", line 337, in decode
    obj, end = self.raw_decode(s, idx=_w(s, 0).end())
               ^^^^^^^^^^^^^^^^^^^^^^^^^^^^^^^^^^^^^^
  File "/usr/lib/python3.11/json/decoder.py", line 355, in raw_decode
    raise JSONDecodeError("Expecting value", s, err.value) from None
json.decoder.JSONDecodeError: Expecting value: line 1 column 1 (char 0)

During handling of the above exception, another exception occurred:

Traceback (most recent call last):
  File "/home/pi5/dailyMTG/daily_draft_quiz.py", line 227, in <module>
    send_quiz()
  File "/home/pi5/dailyMTG/daily_draft_quiz.py", line 157, in send_quiz
    set_code, set_name, cards, lands_df = select_latest_valid_set()
                                          ^^^^^^^^^^^^^^^^^^^^^^^^^
  File "/home/pi5/dailyMTG/daily_draft_quiz.py", line 143, in select_latest_valid_set
    sets = requests.get(SCRY_SETS, headers=HEADERS).json()["data"]
           ^^^^^^^^^^^^^^^^^^^^^^^^^^^^^^^^^^^^^^^^^^^^^^^
  File "/home/pi5/myenv/lib/python3.11/site-packages/requests/models.py", line 978, in json
    raise RequestsJSONDecodeError(e.msg, e.doc, e.pos)
requests.exceptions.JSONDecodeError: Expecting value: line 1 column 1 (char 0)
Traceback (most recent call last):
  File "/home/pi5/dailyMTG/daily_draft_quiz.py", line 227, in <module>
    send_quiz()
  File "/home/pi5/dailyMTG/daily_draft_quiz.py", line 157, in send_quiz
    set_code, set_name, cards, lands_df = select_latest_valid_set()
                                          ^^^^^^^^^^^^^^^^^^^^^^^^^
  File "/home/pi5/dailyMTG/daily_draft_quiz.py", line 151, in select_latest_valid_set
    raise RuntimeError("No valid set found.")
RuntimeError: No valid set found.
Traceback (most recent call last):
  File "/home/pi5/dailyMTG/daily_draft_quiz.py", line 227, in <module>
    send_quiz()
  File "/home/pi5/dailyMTG/daily_draft_quiz.py", line 157, in send_quiz
    set_code, set_name, cards, lands_df = select_latest_valid_set()
                                          ^^^^^^^^^^^^^^^^^^^^^^^^^
  File "/home/pi5/dailyMTG/daily_draft_quiz.py", line 151, in select_latest_valid_set
    raise RuntimeError("No valid set found.")
RuntimeError: No valid set found.
Traceback (most recent call last):
  File "/home/pi5/dailyMTG/daily_draft_quiz.py", line 227, in <module>
    send_quiz()
  File "/home/pi5/dailyMTG/daily_draft_quiz.py", line 157, in send_quiz
    set_code, set_name, cards, lands_df = select_latest_valid_set()
                                          ^^^^^^^^^^^^^^^^^^^^^^^^^
  File "/home/pi5/dailyMTG/daily_draft_quiz.py", line 151, in select_latest_valid_set
    raise RuntimeError("No valid set found.")
RuntimeError: No valid set found.
Traceback (most recent call last):
  File "/home/pi5/dailyMTG/daily_draft_quiz.py", line 227, in <module>
    send_quiz()
  File "/home/pi5/dailyMTG/daily_draft_quiz.py", line 157, in send_quiz
    set_code, set_name, cards, lands_df = select_latest_valid_set()
                                          ^^^^^^^^^^^^^^^^^^^^^^^^^
  File "/home/pi5/dailyMTG/daily_draft_quiz.py", line 151, in select_latest_valid_set
    raise RuntimeError("No valid set found.")
RuntimeError: No valid set found.
Traceback (most recent call last):
  File "/home/pi5/dailyMTG/daily_draft_quiz.py", line 227, in <module>
    send_quiz()
  File "/home/pi5/dailyMTG/daily_draft_quiz.py", line 157, in send_quiz
    set_code, set_name, cards, lands_df = select_latest_valid_set()
                                          ^^^^^^^^^^^^^^^^^^^^^^^^^
  File "/home/pi5/dailyMTG/daily_draft_quiz.py", line 151, in select_latest_valid_set
    raise RuntimeError("No valid set found.")
RuntimeError: No valid set found.
Traceback (most recent call last):
  File "/home/pi5/dailyMTG/daily_draft_quiz.py", line 227, in <module>
    send_quiz()
  File "/home/pi5/dailyMTG/daily_draft_quiz.py", line 157, in send_quiz
    set_code, set_name, cards, lands_df = select_latest_valid_set()
                                          ^^^^^^^^^^^^^^^^^^^^^^^^^
  File "/home/pi5/dailyMTG/daily_draft_quiz.py", line 151, in select_latest_valid_set
    raise RuntimeError("No valid set found.")
RuntimeError: No valid set found.
Traceback (most recent call last):
  File "/home/pi5/dailyMTG/daily_draft_quiz.py", line 227, in <module>
    send_quiz()
  File "/home/pi5/dailyMTG/daily_draft_quiz.py", line 157, in send_quiz
    set_code, set_name, cards, lands_df = select_latest_valid_set()
                                          ^^^^^^^^^^^^^^^^^^^^^^^^^
  File "/home/pi5/dailyMTG/daily_draft_quiz.py", line 151, in select_latest_valid_set
    raise RuntimeError("No valid set found.")
RuntimeError: No valid set found.
Traceback (most recent call last):
  File "/home/pi5/dailyMTG/daily_draft_quiz.py", line 227, in <module>
    send_quiz()
  File "/home/pi5/dailyMTG/daily_draft_quiz.py", line 157, in send_quiz
    set_code, set_name, cards, lands_df = select_latest_valid_set()
                                          ^^^^^^^^^^^^^^^^^^^^^^^^^
  File "/home/pi5/dailyMTG/daily_draft_quiz.py", line 151, in select_latest_valid_set
    raise RuntimeError("No valid set found.")
RuntimeError: No valid set found.
Traceback (most recent call last):
  File "/home/pi5/dailyMTG/daily_draft_quiz.py", line 227, in <module>
    send_quiz()
  File "/home/pi5/dailyMTG/daily_draft_quiz.py", line 157, in send_quiz
    set_code, set_name, cards, lands_df = select_latest_valid_set()
                                          ^^^^^^^^^^^^^^^^^^^^^^^^^
  File "/home/pi5/dailyMTG/daily_draft_quiz.py", line 151, in select_latest_valid_set
    raise RuntimeError("No valid set found.")
RuntimeError: No valid set found.
Traceback (most recent call last):
  File "/home/pi5/dailyMTG/daily_draft_quiz.py", line 227, in <module>
    send_quiz()
  File "/home/pi5/dailyMTG/daily_draft_quiz.py", line 157, in send_quiz
    set_code, set_name, cards, lands_df = select_latest_valid_set()
                                          ^^^^^^^^^^^^^^^^^^^^^^^^^
  File "/home/pi5/dailyMTG/daily_draft_quiz.py", line 151, in select_latest_valid_set
    raise RuntimeError("No valid set found.")
RuntimeError: No valid set found.
Traceback (most recent call last):
  File "/home/pi5/dailyMTG/daily_draft_quiz.py", line 227, in <module>
    send_quiz()
  File "/home/pi5/dailyMTG/daily_draft_quiz.py", line 157, in send_quiz
    set_code, set_name, cards, lands_df = select_latest_valid_set()
                                          ^^^^^^^^^^^^^^^^^^^^^^^^^
  File "/home/pi5/dailyMTG/daily_draft_quiz.py", line 151, in select_latest_valid_set
    raise RuntimeError("No valid set found.")
RuntimeError: No valid set found.
Traceback (most recent call last):
  File "/home/pi5/dailyMTG/daily_draft_quiz.py", line 227, in <module>
    send_quiz()
  File "/home/pi5/dailyMTG/daily_draft_quiz.py", line 157, in send_quiz
    set_code, set_name, cards, lands_df = select_latest_valid_set()
                                          ^^^^^^^^^^^^^^^^^^^^^^^^^
  File "/home/pi5/dailyMTG/daily_draft_quiz.py", line 151, in select_latest_valid_set
    raise RuntimeError("No valid set found.")
RuntimeError: No valid set found.
Traceback (most recent call last):
  File "/home/pi5/dailyMTG/daily_draft_quiz.py", line 227, in <module>
    send_quiz()
  File "/home/pi5/dailyMTG/daily_draft_quiz.py", line 157, in send_quiz
    set_code, set_name, cards, lands_df = select_latest_valid_set()
                                          ^^^^^^^^^^^^^^^^^^^^^^^^^
  File "/home/pi5/dailyMTG/daily_draft_quiz.py", line 151, in select_latest_valid_set
    raise RuntimeError("No valid set found.")
RuntimeError: No valid set found.
Traceback (most recent call last):
  File "/home/pi5/dailyMTG/daily_draft_quiz.py", line 227, in <module>
    send_quiz()
  File "/home/pi5/dailyMTG/daily_draft_quiz.py", line 157, in send_quiz
    set_code, set_name, cards, lands_df = select_latest_valid_set()
                                          ^^^^^^^^^^^^^^^^^^^^^^^^^
  File "/home/pi5/dailyMTG/daily_draft_quiz.py", line 151, in select_latest_valid_set
    raise RuntimeError("No valid set found.")
RuntimeError: No valid set found.
Traceback (most recent call last):
  File "/home/pi5/dailyMTG/daily_draft_quiz.py", line 227, in <module>
    send_quiz()
  File "/home/pi5/dailyMTG/daily_draft_quiz.py", line 157, in send_quiz
    set_code, set_name, cards, lands_df = select_latest_valid_set()
                                          ^^^^^^^^^^^^^^^^^^^^^^^^^
  File "/home/pi5/dailyMTG/daily_draft_quiz.py", line 151, in select_latest_valid_set
    raise RuntimeError("No valid set found.")
RuntimeError: No valid set found.
Traceback (most recent call last):
  File "/home/pi5/dailyMTG/daily_draft_quiz.py", line 227, in <module>
    send_quiz()
  File "/home/pi5/dailyMTG/daily_draft_quiz.py", line 157, in send_quiz
    set_code, set_name, cards, lands_df = select_latest_valid_set()
                                          ^^^^^^^^^^^^^^^^^^^^^^^^^
  File "/home/pi5/dailyMTG/daily_draft_quiz.py", line 151, in select_latest_valid_set
    raise RuntimeError("No valid set found.")
RuntimeError: No valid set found.
Traceback (most recent call last):
  File "/home/pi5/dailyMTG/daily_draft_quiz.py", line 227, in <module>
    send_quiz()
  File "/home/pi5/dailyMTG/daily_draft_quiz.py", line 157, in send_quiz
    set_code, set_name, cards, lands_df = select_latest_valid_set()
                                          ^^^^^^^^^^^^^^^^^^^^^^^^^
  File "/home/pi5/dailyMTG/daily_draft_quiz.py", line 151, in select_latest_valid_set
    raise RuntimeError("No valid set found.")
RuntimeError: No valid set found.
Traceback (most recent call last):
  File "/home/pi5/dailyMTG/daily_draft_quiz.py", line 227, in <module>
    send_quiz()
  File "/home/pi5/dailyMTG/daily_draft_quiz.py", line 157, in send_quiz
    set_code, set_name, cards, lands_df = select_latest_valid_set()
                                          ^^^^^^^^^^^^^^^^^^^^^^^^^
  File "/home/pi5/dailyMTG/daily_draft_quiz.py", line 151, in select_latest_valid_set
    raise RuntimeError("No valid set found.")
RuntimeError: No valid set found.
Traceback (most recent call last):
  File "/home/pi5/dailyMTG/daily_draft_quiz.py", line 227, in <module>
    send_quiz()
  File "/home/pi5/dailyMTG/daily_draft_quiz.py", line 157, in send_quiz
    set_code, set_name, cards, lands_df = select_latest_valid_set()
                                          ^^^^^^^^^^^^^^^^^^^^^^^^^
  File "/home/pi5/dailyMTG/daily_draft_quiz.py", line 151, in select_latest_valid_set
    raise RuntimeError("No valid set found.")
RuntimeError: No valid set found.
Traceback (most recent call last):
  File "/home/pi5/dailyMTG/daily_draft_quiz.py", line 227, in <module>
    send_quiz()
  File "/home/pi5/dailyMTG/daily_draft_quiz.py", line 157, in send_quiz
    set_code, set_name, cards, lands_df = select_latest_valid_set()
                                          ^^^^^^^^^^^^^^^^^^^^^^^^^
  File "/home/pi5/dailyMTG/daily_draft_quiz.py", line 151, in select_latest_valid_set
    raise RuntimeError("No valid set found.")
RuntimeError: No valid set found.
Traceback (most recent call last):
  File "/home/pi5/dailyMTG/daily_draft_quiz.py", line 227, in <module>
    send_quiz()
  File "/home/pi5/dailyMTG/daily_draft_quiz.py", line 157, in send_quiz
    set_code, set_name, cards, lands_df = select_latest_valid_set()
                                          ^^^^^^^^^^^^^^^^^^^^^^^^^
  File "/home/pi5/dailyMTG/daily_draft_quiz.py", line 151, in select_latest_valid_set
    raise RuntimeError("No valid set found.")
RuntimeError: No valid set found.
Traceback (most recent call last):
  File "/home/pi5/dailyMTG/daily_draft_quiz.py", line 227, in <module>
    send_quiz()
  File "/home/pi5/dailyMTG/daily_draft_quiz.py", line 157, in send_quiz
    set_code, set_name, cards, lands_df = select_latest_valid_set()
                                          ^^^^^^^^^^^^^^^^^^^^^^^^^
  File "/home/pi5/dailyMTG/daily_draft_quiz.py", line 151, in select_latest_valid_set
    raise RuntimeError("No valid set found.")
RuntimeError: No valid set found.
Traceback (most recent call last):
  File "/home/pi5/dailyMTG/daily_draft_quiz.py", line 227, in <module>
    send_quiz()
  File "/home/pi5/dailyMTG/daily_draft_quiz.py", line 157, in send_quiz
    set_code, set_name, cards, lands_df = select_latest_valid_set()
                                          ^^^^^^^^^^^^^^^^^^^^^^^^^
  File "/home/pi5/dailyMTG/daily_draft_quiz.py", line 151, in select_latest_valid_set
    raise RuntimeError("No valid set found.")
RuntimeError: No valid set found.
Traceback (most recent call last):
  File "/home/pi5/dailyMTG/daily_draft_quiz.py", line 227, in <module>
    send_quiz()
  File "/home/pi5/dailyMTG/daily_draft_quiz.py", line 157, in send_quiz
    set_code, set_name, cards, lands_df = select_latest_valid_set()
                                          ^^^^^^^^^^^^^^^^^^^^^^^^^
  File "/home/pi5/dailyMTG/daily_draft_quiz.py", line 151, in select_latest_valid_set
    raise RuntimeError("No valid set found.")
RuntimeError: No valid set found.
Traceback (most recent call last):
  File "/home/pi5/dailyMTG/daily_draft_quiz.py", line 227, in <module>
    send_quiz()
  File "/home/pi5/dailyMTG/daily_draft_quiz.py", line 157, in send_quiz
    set_code, set_name, cards, lands_df = select_latest_valid_set()
                                          ^^^^^^^^^^^^^^^^^^^^^^^^^
  File "/home/pi5/dailyMTG/daily_draft_quiz.py", line 151, in select_latest_valid_set
    raise RuntimeError("No valid set found.")
RuntimeError: No valid set found.
Traceback (most recent call last):
  File "/home/pi5/dailyMTG/daily_draft_quiz.py", line 227, in <module>
    send_quiz()
  File "/home/pi5/dailyMTG/daily_draft_quiz.py", line 157, in send_quiz
    set_code, set_name, cards, lands_df = select_latest_valid_set()
                                          ^^^^^^^^^^^^^^^^^^^^^^^^^
  File "/home/pi5/dailyMTG/daily_draft_quiz.py", line 151, in select_latest_valid_set
    raise RuntimeError("No valid set found.")
RuntimeError: No valid set found.
Traceback (most recent call last):
  File "/home/pi5/dailyMTG/daily_draft_quiz.py", line 227, in <module>
    send_quiz()
  File "/home/pi5/dailyMTG/daily_draft_quiz.py", line 157, in send_quiz
    set_code, set_name, cards, lands_df = select_latest_valid_set()
                                          ^^^^^^^^^^^^^^^^^^^^^^^^^
  File "/home/pi5/dailyMTG/daily_draft_quiz.py", line 151, in select_latest_valid_set
    raise RuntimeError("No valid set found.")
RuntimeError: No valid set found.
Traceback (most recent call last):
  File "/home/pi5/dailyMTG/daily_draft_quiz.py", line 227, in <module>
    send_quiz()
  File "/home/pi5/dailyMTG/daily_draft_quiz.py", line 157, in send_quiz
    set_code, set_name, cards, lands_df = select_latest_valid_set()
                                          ^^^^^^^^^^^^^^^^^^^^^^^^^
  File "/home/pi5/dailyMTG/daily_draft_quiz.py", line 151, in select_latest_valid_set
    raise RuntimeError("No valid set found.")
RuntimeError: No valid set found.
Traceback (most recent call last):
  File "/home/pi5/dailyMTG/daily_draft_quiz.py", line 227, in <module>
    send_quiz()
  File "/home/pi5/dailyMTG/daily_draft_quiz.py", line 157, in send_quiz
    set_code, set_name, cards, lands_df = select_latest_valid_set()
                                          ^^^^^^^^^^^^^^^^^^^^^^^^^
  File "/home/pi5/dailyMTG/daily_draft_quiz.py", line 151, in select_latest_valid_set
    raise RuntimeError("No valid set found.")
RuntimeError: No valid set found.
Traceback (most recent call last):
  File "/home/pi5/dailyMTG/daily_draft_quiz.py", line 227, in <module>
    send_quiz()
  File "/home/pi5/dailyMTG/daily_draft_quiz.py", line 157, in send_quiz
    set_code, set_name, cards, lands_df = select_latest_valid_set()
                                          ^^^^^^^^^^^^^^^^^^^^^^^^^
  File "/home/pi5/dailyMTG/daily_draft_quiz.py", line 151, in select_latest_valid_set
    raise RuntimeError("No valid set found.")
RuntimeError: No valid set found.
Traceback (most recent call last):
  File "/home/pi5/dailyMTG/daily_draft_quiz.py", line 227, in <module>
    send_quiz()
  File "/home/pi5/dailyMTG/daily_draft_quiz.py", line 157, in send_quiz
    set_code, set_name, cards, lands_df = select_latest_valid_set()
                                          ^^^^^^^^^^^^^^^^^^^^^^^^^
  File "/home/pi5/dailyMTG/daily_draft_quiz.py", line 151, in select_latest_valid_set
    raise RuntimeError("No valid set found.")
RuntimeError: No valid set found.
Traceback (most recent call last):
  File "/home/pi5/dailyMTG/daily_draft_quiz.py", line 227, in <module>
    send_quiz()
  File "/home/pi5/dailyMTG/daily_draft_quiz.py", line 157, in send_quiz
    set_code, set_name, cards, lands_df = select_latest_valid_set()
                                          ^^^^^^^^^^^^^^^^^^^^^^^^^
  File "/home/pi5/dailyMTG/daily_draft_quiz.py", line 151, in select_latest_valid_set
    raise RuntimeError("No valid set found.")
RuntimeError: No valid set found.
Traceback (most recent call last):
  File "/home/pi5/dailyMTG/daily_draft_quiz.py", line 227, in <module>
    send_quiz()
  File "/home/pi5/dailyMTG/daily_draft_quiz.py", line 157, in send_quiz
    set_code, set_name, cards, lands_df = select_latest_valid_set()
                                          ^^^^^^^^^^^^^^^^^^^^^^^^^
  File "/home/pi5/dailyMTG/daily_draft_quiz.py", line 151, in select_latest_valid_set
    raise RuntimeError("No valid set found.")
RuntimeError: No valid set found.
Traceback (most recent call last):
  File "/home/pi5/dailyMTG/daily_draft_quiz.py", line 227, in <module>
    send_quiz()
  File "/home/pi5/dailyMTG/daily_draft_quiz.py", line 157, in send_quiz
    set_code, set_name, cards, lands_df = select_latest_valid_set()
                                          ^^^^^^^^^^^^^^^^^^^^^^^^^
  File "/home/pi5/dailyMTG/daily_draft_quiz.py", line 151, in select_latest_valid_set
    raise RuntimeError("No valid set found.")
RuntimeError: No valid set found.
Traceback (most recent call last):
  File "/home/pi5/dailyMTG/daily_draft_quiz.py", line 227, in <module>
    send_quiz()
  File "/home/pi5/dailyMTG/daily_draft_quiz.py", line 157, in send_quiz
    set_code, set_name, cards, lands_df = select_latest_valid_set()
                                          ^^^^^^^^^^^^^^^^^^^^^^^^^
  File "/home/pi5/dailyMTG/daily_draft_quiz.py", line 151, in select_latest_valid_set
    raise RuntimeError("No valid set found.")
RuntimeError: No valid set found.
Traceback (most recent call last):
  File "/home/pi5/dailyMTG/daily_draft_quiz.py", line 227, in <module>
    send_quiz()
  File "/home/pi5/dailyMTG/daily_draft_quiz.py", line 157, in send_quiz
    set_code, set_name, cards, lands_df = select_latest_valid_set()
                                          ^^^^^^^^^^^^^^^^^^^^^^^^^
  File "/home/pi5/dailyMTG/daily_draft_quiz.py", line 151, in select_latest_valid_set
    raise RuntimeError("No valid set found.")
RuntimeError: No valid set found.
Traceback (most recent call last):
  File "/home/pi5/dailyMTG/daily_draft_quiz.py", line 227, in <module>
    send_quiz()
  File "/home/pi5/dailyMTG/daily_draft_quiz.py", line 157, in send_quiz
    set_code, set_name, cards, lands_df = select_latest_valid_set()
                                          ^^^^^^^^^^^^^^^^^^^^^^^^^
  File "/home/pi5/dailyMTG/daily_draft_quiz.py", line 151, in select_latest_valid_set
    raise RuntimeError("No valid set found.")
RuntimeError: No valid set found.
Traceback (most recent call last):
  File "/home/pi5/dailyMTG/daily_draft_quiz.py", line 227, in <module>
    send_quiz()
  File "/home/pi5/dailyMTG/daily_draft_quiz.py", line 157, in send_quiz
    set_code, set_name, cards, lands_df = select_latest_valid_set()
                                          ^^^^^^^^^^^^^^^^^^^^^^^^^
  File "/home/pi5/dailyMTG/daily_draft_quiz.py", line 151, in select_latest_valid_set
    raise RuntimeError("No valid set found.")
RuntimeError: No valid set found.
Traceback (most recent call last):
  File "/home/pi5/myenv/lib/python3.11/site-packages/requests/models.py", line 974, in json
    return complexjson.loads(self.text, **kwargs)
           ^^^^^^^^^^^^^^^^^^^^^^^^^^^^^^^^^^^^^^
  File "/usr/lib/python3.11/json/__init__.py", line 346, in loads
    return _default_decoder.decode(s)
           ^^^^^^^^^^^^^^^^^^^^^^^^^^
  File "/usr/lib/python3.11/json/decoder.py", line 337, in decode
    obj, end = self.raw_decode(s, idx=_w(s, 0).end())
               ^^^^^^^^^^^^^^^^^^^^^^^^^^^^^^^^^^^^^^
  File "/usr/lib/python3.11/json/decoder.py", line 355, in raw_decode
    raise JSONDecodeError("Expecting value", s, err.value) from None
json.decoder.JSONDecodeError: Expecting value: line 1 column 1 (char 0)

During handling of the above exception, another exception occurred:

Traceback (most recent call last):
  File "/home/pi5/dailyMTG/daily_draft_quiz.py", line 227, in <module>
    send_quiz()
  File "/home/pi5/dailyMTG/daily_draft_quiz.py", line 157, in send_quiz
    set_code, set_name, cards, lands_df = select_latest_valid_set()
                                          ^^^^^^^^^^^^^^^^^^^^^^^^^
  File "/home/pi5/dailyMTG/daily_draft_quiz.py", line 143, in select_latest_valid_set
    sets = requests.get(SCRY_SETS, headers=HEADERS).json()["data"]
           ^^^^^^^^^^^^^^^^^^^^^^^^^^^^^^^^^^^^^^^^^^^^^^^
  File "/home/pi5/myenv/lib/python3.11/site-packages/requests/models.py", line 978, in json
    raise RequestsJSONDecodeError(e.msg, e.doc, e.pos)
requests.exceptions.JSONDecodeError: Expecting value: line 1 column 1 (char 0)
Traceback (most recent call last):
  File "/home/pi5/myenv/lib/python3.11/site-packages/urllib3/connection.py", line 198, in _new_conn
    sock = connection.create_connection(
           ^^^^^^^^^^^^^^^^^^^^^^^^^^^^^
  File "/home/pi5/myenv/lib/python3.11/site-packages/urllib3/util/connection.py", line 60, in create_connection
    for res in socket.getaddrinfo(host, port, family, socket.SOCK_STREAM):
               ^^^^^^^^^^^^^^^^^^^^^^^^^^^^^^^^^^^^^^^^^^^^^^^^^^^^^^^^^^
  File "/usr/lib/python3.11/socket.py", line 962, in getaddrinfo
    for res in _socket.getaddrinfo(host, port, family, type, proto, flags):
               ^^^^^^^^^^^^^^^^^^^^^^^^^^^^^^^^^^^^^^^^^^^^^^^^^^^^^^^^^^^
socket.gaierror: [Errno -3] Temporary failure in name resolution

The above exception was the direct cause of the following exception:

Traceback (most recent call last):
  File "/home/pi5/myenv/lib/python3.11/site-packages/urllib3/connectionpool.py", line 787, in urlopen
    response = self._make_request(
               ^^^^^^^^^^^^^^^^^^^
  File "/home/pi5/myenv/lib/python3.11/site-packages/urllib3/connectionpool.py", line 488, in _make_request
    raise new_e
  File "/home/pi5/myenv/lib/python3.11/site-packages/urllib3/connectionpool.py", line 464, in _make_request
    self._validate_conn(conn)
  File "/home/pi5/myenv/lib/python3.11/site-packages/urllib3/connectionpool.py", line 1093, in _validate_conn
    conn.connect()
  File "/home/pi5/myenv/lib/python3.11/site-packages/urllib3/connection.py", line 704, in connect
    self.sock = sock = self._new_conn()
                       ^^^^^^^^^^^^^^^^
  File "/home/pi5/myenv/lib/python3.11/site-packages/urllib3/connection.py", line 205, in _new_conn
    raise NameResolutionError(self.host, self, e) from e
urllib3.exceptions.NameResolutionError: <urllib3.connection.HTTPSConnection object at 0x7fff1f568c90>: Failed to resolve 'api.scryfall.com' ([Errno -3] Temporary failure in name resolution)

The above exception was the direct cause of the following exception:

Traceback (most recent call last):
  File "/home/pi5/myenv/lib/python3.11/site-packages/requests/adapters.py", line 667, in send
    resp = conn.urlopen(
           ^^^^^^^^^^^^^
  File "/home/pi5/myenv/lib/python3.11/site-packages/urllib3/connectionpool.py", line 841, in urlopen
    retries = retries.increment(
              ^^^^^^^^^^^^^^^^^^
  File "/home/pi5/myenv/lib/python3.11/site-packages/urllib3/util/retry.py", line 519, in increment
    raise MaxRetryError(_pool, url, reason) from reason  # type: ignore[arg-type]
    ^^^^^^^^^^^^^^^^^^^^^^^^^^^^^^^^^^^^^^^^^^^^^^^^^^^
urllib3.exceptions.MaxRetryError: HTTPSConnectionPool(host='api.scryfall.com', port=443): Max retries exceeded with url: /sets (Caused by NameResolutionError("<urllib3.connection.HTTPSConnection object at 0x7fff1f568c90>: Failed to resolve 'api.scryfall.com' ([Errno -3] Temporary failure in name resolution)"))

During handling of the above exception, another exception occurred:

Traceback (most recent call last):
  File "/home/pi5/dailyMTG/daily_draft_quiz.py", line 227, in <module>
    send_quiz()
  File "/home/pi5/dailyMTG/daily_draft_quiz.py", line 157, in send_quiz
    set_code, set_name, cards, lands_df = select_latest_valid_set()
                                          ^^^^^^^^^^^^^^^^^^^^^^^^^
  File "/home/pi5/dailyMTG/daily_draft_quiz.py", line 143, in select_latest_valid_set
    sets = requests.get(SCRY_SETS, headers=HEADERS).json()["data"]
           ^^^^^^^^^^^^^^^^^^^^^^^^^^^^^^^^^^^^^^^^
  File "/home/pi5/myenv/lib/python3.11/site-packages/requests/api.py", line 73, in get
    return request("get", url, params=params, **kwargs)
           ^^^^^^^^^^^^^^^^^^^^^^^^^^^^^^^^^^^^^^^^^^^^
  File "/home/pi5/myenv/lib/python3.11/site-packages/requests/api.py", line 59, in request
    return session.request(method=method, url=url, **kwargs)
           ^^^^^^^^^^^^^^^^^^^^^^^^^^^^^^^^^^^^^^^^^^^^^^^^^
  File "/home/pi5/myenv/lib/python3.11/site-packages/requests/sessions.py", line 589, in request
    resp = self.send(prep, **send_kwargs)
           ^^^^^^^^^^^^^^^^^^^^^^^^^^^^^^
  File "/home/pi5/myenv/lib/python3.11/site-packages/requests/sessions.py", line 703, in send
    r = adapter.send(request, **kwargs)
        ^^^^^^^^^^^^^^^^^^^^^^^^^^^^^^^
  File "/home/pi5/myenv/lib/python3.11/site-packages/requests/adapters.py", line 700, in send
    raise ConnectionError(e, request=request)
requests.exceptions.ConnectionError: HTTPSConnectionPool(host='api.scryfall.com', port=443): Max retries exceeded with url: /sets (Caused by NameResolutionError("<urllib3.connection.HTTPSConnection object at 0x7fff1f568c90>: Failed to resolve 'api.scryfall.com' ([Errno -3] Temporary failure in name resolution)"))
